#-----------------------------------------------------------
# Vivado v2018.3 (64-bit)
# SW Build 2405991 on Thu Dec  6 23:38:27 MST 2018
# IP Build 2404404 on Fri Dec  7 01:43:56 MST 2018
# Start of session at: Thu Mar 14 10:16:47 2019
# Process ID: 16984
# Current directory: C:/Users/Jason/Desktop/project_1
# Command line: vivado.exe -gui_launcher_event rodinguilauncherevent1392 C:\Users\Jason\Desktop\project_1\project_1.xpr
# Log file: C:/Users/Jason/Desktop/project_1/vivado.log
# Journal file: C:/Users/Jason/Desktop/project_1\vivado.jou
#-----------------------------------------------------------
ststart_guopopen_project C:/Users/Jason/Desktop/project_1/CPU-single.xpr
INFO: [Project 1-313] Project file moved from 'C:/Users/Jason/Desktop/CPU-24-single' since last save.
CRITICAL WARNING: [Project 1-311] Could not find INFO: [IP_Flow 19-2313] Loaded Vivado IP repository 'C:/Xilinx/Vivado/2018.3/data/ip'.
open_project: Time (s): cpu = 00:00:12 ; elapsed = 00:00:09 . Memory (MB): peak = 639.375 ; gain = 83.445
update_compile_order -fileset sources_1
add_files -norecurse C:/Users/Jason/Desktop/project_1/project_1.srcs/sources_1/new/EX_MEM.v
update_compile_order -fileset sources_1
close [ open C:/Users/Jason/Desktop/project_1/project_1.srcs/sources_1/new/MEM_WB.v w ]
add_files C:/Users/Jason/Desktop/project_1/project_1.srcs/sources_1/new/MEM_WB.v
update_compile_order -fileset sources_1
exit
INFO: [Common 17-206] Exiting Vivado at Thu Mar 14 12:44:58 2019...
RNING: [Project 1-312] File not found as 'C:/Users/Jason/Desktop/project_1/CPU-single.srcs/sim_1/new/simRom.v'; using path 'C:/Users/Jason/Desktop/CPU-24-single/CPU-single.srcs/sim_1/new/simRom.v' instead.
WARNING: [Project 1-312] File not found as 'C:/Users/Jason/Desktop/project_1/sim_top_behav.wcfg'; using path 'C:/Users/Jason/Desktop/CPU-24-single/sim_top_behav.wcfg' instead.
WARNING: [Project 1-312] File not found as 'C:/Users/Jason/Desktop/project_1/sim_top_behav1.wcfg'; using path 'C:/Users/Jason/Desktop/CPU-24-single/sim_top_behav1.wcfg' instead.
Scanning sources...
Finished scanning sources
WARNING: [Project 1-509] GeneratedRun file for 'synth_1' not found
WARNING: [Project 1-509] GeneratedRun file for 'impl_1' not found
INFO: [filemgmt 56-1] IPUserFilesDir: Directory not found as 'C:/Users/Jason/Desktop/project_1/CPU-single.ip_user_files'; using path 'C:/Users/Jason/Desktop/CPU-24-single/CPU-single.ip_user_files' instead.
INFO: [IP_Flow 19-234] Refreshing IP repositories
INFO: [IP_Flow 19-1704] No user IP repositories specified
INFO: [IP_Flow 19-2313] Loaded Vivado IP repository 'C:/Xilinx/Vivado/2018.3/data/ip'.
open_project: Time (s): cpu = 00:00:14 ; elapsed = 00:00:11 . Memory (MB): peak = 646.977 ; gain = 56.813
update_compile_order -fileset sources_1
exit
INFO: [Common 17-206] Exiting Vivado at Thu Mar 14 10:26:46 2019...
